<?xml version="1.0" encoding="UTF-8"?>
<testsuite name="test.TestMain" tests="1" skipped="0" failures="0" errors="0" timestamp="2019-07-31T08:47:48" hostname="ICOS-20190620BA" time="0.177">
  <properties/>
  <testcase name="test" classname="test.TestMain" time="0.177"/>
  <system-out><![CDATA[
    []   [][][]   []        [][]     [][][]  
    []     []     []       []  []   []    [] 
    []     []     []       []  []   []       
    []     []     []       []  []   []  [][] 
[]  []     []     []       []  []   []    [] 
 [][]      []     [][][]    [][]    [][][][] 


D:{time}=07/31 16:47:48:241 .{context}=L .{thread}=Test worker .{trace}=at test.TestMain.test(TestMain.java:20) .
{"code":444,"placeholders":["aaa","bbb","ccc"]}

]]></system-out>
  <system-err><![CDATA[]]></system-err>
</testsuite>
